Remember that you can report errors and get help in https://github.com/NicoSantangelo/sublime-gulp

01-09-2016 20:38:
C:\Users\Артем\AppData\Roaming\Sublime Text 3\Packages\Gulp\write_tasks_to_cache.js:31
        throw ex;
        ^

Error: Cannot find module 'gulp'
    at Function.Module._resolveFilename (module.js:336:15)
    at Function.Module._load (module.js:286:25)
    at Module.require (module.js:365:17)
    at require (module.js:384:17)
    at Object.<anonymous> (D:\прог\projects\бухгалтерская самостоятельная\_ready_html\.sublime-gulp-tmp.js:3:12)
    at Module._compile (module.js:430:26)
    at Object.Module._extensions..js (module.js:448:10)
    at Module.load (module.js:355:32)
    at Function.Module._load (module.js:310:12)
    at Module.require (module.js:365:17)


01-09-2016 20:38:
C:\Users\Артем\AppData\Roaming\Sublime Text 3\Packages\Gulp\write_tasks_to_cache.js:31
        throw ex;
        ^

Error: Cannot find module 'gulp'
    at Function.Module._resolveFilename (module.js:336:15)
    at Function.Module._load (module.js:286:25)
    at Module.require (module.js:365:17)
    at require (module.js:384:17)
    at Object.<anonymous> (D:\прог\projects\бухгалтерская самостоятельная\_ready_html\.sublime-gulp-tmp.js:3:12)
    at Module._compile (module.js:430:26)
    at Object.Module._extensions..js (module.js:448:10)
    at Module.load (module.js:355:32)
    at Function.Module._load (module.js:310:12)
    at Module.require (module.js:365:17)


01-09-2016 20:41:
C:\Users\Артем\AppData\Roaming\Sublime Text 3\Packages\Gulp\write_tasks_to_cache.js:31
        throw ex;
        ^

Error: Cannot find module 'gulp'
    at Function.Module._resolveFilename (module.js:336:15)
    at Function.Module._load (module.js:286:25)
    at Module.require (module.js:365:17)
    at require (module.js:384:17)
    at Object.<anonymous> (D:\прог\projects\бухгалтерская самостоятельная\_ready_html\.sublime-gulp-tmp.js:3:12)
    at Module._compile (module.js:430:26)
    at Object.Module._extensions..js (module.js:448:10)
    at Module.load (module.js:355:32)
    at Function.Module._load (module.js:310:12)
    at Module.require (module.js:365:17)


01-09-2016 20:43:
C:\Users\Артем\AppData\Roaming\Sublime Text 3\Packages\Gulp\write_tasks_to_cache.js:31
        throw ex;
        ^

Error: Cannot find module 'gulp'
    at Function.Module._resolveFilename (module.js:336:15)
    at Function.Module._load (module.js:286:25)
    at Module.require (module.js:365:17)
    at require (module.js:384:17)
    at Object.<anonymous> (D:\прог\projects\бухгалтерская самостоятельная\_ready_html\.sublime-gulp-tmp.js:3:12)
    at Module._compile (module.js:430:26)
    at Object.Module._extensions..js (module.js:448:10)
    at Module.load (module.js:355:32)
    at Function.Module._load (module.js:310:12)
    at Module.require (module.js:365:17)


01-09-2016 20:44:
C:\Users\Артем\AppData\Roaming\Sublime Text 3\Packages\Gulp\write_tasks_to_cache.js:31
        throw ex;
        ^

Error: Cannot find module 'gulp'
    at Function.Module._resolveFilename (module.js:336:15)
    at Function.Module._load (module.js:286:25)
    at Module.require (module.js:365:17)
    at require (module.js:384:17)
    at Object.<anonymous> (D:\прог\projects\бухгалтерская самостоятельная\_ready_html\.sublime-gulp-tmp.js:3:12)
    at Module._compile (module.js:430:26)
    at Object.Module._extensions..js (module.js:448:10)
    at Module.load (module.js:355:32)
    at Function.Module._load (module.js:310:12)
    at Module.require (module.js:365:17)


01-09-2016 20:52:
C:\Users\Артем\AppData\Roaming\Sublime Text 3\Packages\Gulp\write_tasks_to_cache.js:31
        throw ex;
        ^

Error: Cannot find module 'gulp'
    at Function.Module._resolveFilename (module.js:336:15)
    at Function.Module._load (module.js:286:25)
    at Module.require (module.js:365:17)
    at require (module.js:384:17)
    at Object.<anonymous> (D:\прог\projects\бухгалтерская самостоятельная\_ready_html\.sublime-gulp-tmp.js:3:12)
    at Module._compile (module.js:430:26)
    at Object.Module._extensions..js (module.js:448:10)
    at Module.load (module.js:355:32)
    at Function.Module._load (module.js:310:12)
    at Module.require (module.js:365:17)


01-09-2016 20:54:
C:\Users\Артем\AppData\Roaming\Sublime Text 3\Packages\Gulp\write_tasks_to_cache.js:31
        throw ex;
        ^

Error: Cannot find module 'gulp'
    at Function.Module._resolveFilename (module.js:336:15)
    at Function.Module._load (module.js:286:25)
    at Module.require (module.js:365:17)
    at require (module.js:384:17)
    at Object.<anonymous> (D:\прог\projects\бухгалтерская самостоятельная\_ready_html\.sublime-gulp-tmp.js:3:12)
    at Module._compile (module.js:430:26)
    at Object.Module._extensions..js (module.js:448:10)
    at Module.load (module.js:355:32)
    at Function.Module._load (module.js:310:12)
    at Module.require (module.js:365:17)


01-09-2016 20:55:
C:\Users\Артем\AppData\Roaming\Sublime Text 3\Packages\Gulp\write_tasks_to_cache.js:31
        throw ex;
        ^

Error: Cannot find module 'gulp'
    at Function.Module._resolveFilename (module.js:336:15)
    at Function.Module._load (module.js:286:25)
    at Module.require (module.js:365:17)
    at require (module.js:384:17)
    at Object.<anonymous> (D:\прог\projects\бухгалтерская самостоятельная\_ready_html\.sublime-gulp-tmp.js:3:12)
    at Module._compile (module.js:430:26)
    at Object.Module._extensions..js (module.js:448:10)
    at Module.load (module.js:355:32)
    at Function.Module._load (module.js:310:12)
    at Module.require (module.js:365:17)


01-09-2016 20:58:
C:\Users\Артем\AppData\Roaming\Sublime Text 3\Packages\Gulp\write_tasks_to_cache.js:31
        throw ex;
        ^

Error: Cannot find module 'gulp'
    at Function.Module._resolveFilename (module.js:336:15)
    at Function.Module._load (module.js:286:25)
    at Module.require (module.js:365:17)
    at require (module.js:384:17)
    at Object.<anonymous> (D:\прог\projects\бухгалтерская самостоятельная\_ready_html\.sublime-gulp-tmp.js:3:12)
    at Module._compile (module.js:430:26)
    at Object.Module._extensions..js (module.js:448:10)
    at Module.load (module.js:355:32)
    at Function.Module._load (module.js:310:12)
    at Module.require (module.js:365:17)


01-09-2016 21:01:
C:\Users\Артем\AppData\Roaming\Sublime Text 3\Packages\Gulp\write_tasks_to_cache.js:31
        throw ex;
        ^

Error: Cannot find module 'gulp-sass'
    at Function.Module._resolveFilename (module.js:336:15)
    at Function.Module._load (module.js:286:25)
    at Module.require (module.js:365:17)
    at require (module.js:384:17)
    at Object.<anonymous> (D:\прог\projects\бухгалтерская самостоятельная\_ready_html\.sublime-gulp-tmp.js:4:8)
    at Module._compile (module.js:430:26)
    at Object.Module._extensions..js (module.js:448:10)
    at Module.load (module.js:355:32)
    at Function.Module._load (module.js:310:12)
    at Module.require (module.js:365:17)
